<?xml version="1.0" encoding="UTF-8"?>
<testsuite xmlns:xsi="http://www.w3.org/2001/XMLSchema-instance" xsi:noNamespaceSchemaLocation="https://maven.apache.org/surefire/maven-surefire-plugin/xsd/surefire-test-report.xsd" name="TestSuite" time="108.594" tests="3" errors="0" skipped="0" failures="0">
  <properties>
    <property name="sun.desktop" value="windows"/>
    <property name="awt.toolkit" value="sun.awt.windows.WToolkit"/>
    <property name="java.specification.version" value="11"/>
    <property name="sun.cpu.isalist" value="amd64"/>
    <property name="sun.jnu.encoding" value="Cp1252"/>
    <property name="java.class.path" value="C:\Users\GOPAL NAMASIVAYAM\Desktop\ecli\freeCRM_maven\target\test-classes;C:\Users\GOPAL NAMASIVAYAM\Desktop\ecli\freeCRM_maven\target\classes;C:\Users\GOPAL NAMASIVAYAM\.m2\repository\org\seleniumhq\selenium\selenium-java\3.5.3\selenium-java-3.5.3.jar;C:\Users\GOPAL NAMASIVAYAM\.m2\repository\org\seleniumhq\selenium\selenium-api\3.5.3\selenium-api-3.5.3.jar;C:\Users\GOPAL NAMASIVAYAM\.m2\repository\org\seleniumhq\selenium\selenium-chrome-driver\3.5.3\selenium-chrome-driver-3.5.3.jar;C:\Users\GOPAL NAMASIVAYAM\.m2\repository\org\seleniumhq\selenium\selenium-edge-driver\3.5.3\selenium-edge-driver-3.5.3.jar;C:\Users\GOPAL NAMASIVAYAM\.m2\repository\org\seleniumhq\selenium\selenium-firefox-driver\3.5.3\selenium-firefox-driver-3.5.3.jar;C:\Users\GOPAL NAMASIVAYAM\.m2\repository\org\seleniumhq\selenium\selenium-ie-driver\3.5.3\selenium-ie-driver-3.5.3.jar;C:\Users\GOPAL NAMASIVAYAM\.m2\repository\org\seleniumhq\selenium\selenium-opera-driver\3.5.3\selenium-opera-driver-3.5.3.jar;C:\Users\GOPAL NAMASIVAYAM\.m2\repository\org\seleniumhq\selenium\selenium-remote-driver\3.5.3\selenium-remote-driver-3.5.3.jar;C:\Users\GOPAL NAMASIVAYAM\.m2\repository\org\seleniumhq\selenium\selenium-safari-driver\3.5.3\selenium-safari-driver-3.5.3.jar;C:\Users\GOPAL NAMASIVAYAM\.m2\repository\org\seleniumhq\selenium\selenium-support\3.5.3\selenium-support-3.5.3.jar;C:\Users\GOPAL NAMASIVAYAM\.m2\repository\cglib\cglib-nodep\3.2.4\cglib-nodep-3.2.4.jar;C:\Users\GOPAL NAMASIVAYAM\.m2\repository\org\apache\commons\commons-exec\1.3\commons-exec-1.3.jar;C:\Users\GOPAL NAMASIVAYAM\.m2\repository\org\apache\commons\commons-lang3\3.5\commons-lang3-3.5.jar;C:\Users\GOPAL NAMASIVAYAM\.m2\repository\commons-codec\commons-codec\1.10\commons-codec-1.10.jar;C:\Users\GOPAL NAMASIVAYAM\.m2\repository\commons-logging\commons-logging\1.2\commons-logging-1.2.jar;C:\Users\GOPAL NAMASIVAYAM\.m2\repository\org\w3c\css\sac\1.3\sac-1.3.jar;C:\Users\GOPAL NAMASIVAYAM\.m2\repository\net\sourceforge\cssparser\cssparser\0.9.23\cssparser-0.9.23.jar;C:\Users\GOPAL NAMASIVAYAM\.m2\repository\com\google\code\gson\gson\2.8.0\gson-2.8.0.jar;C:\Users\GOPAL NAMASIVAYAM\.m2\repository\com\google\guava\guava\23.0\guava-23.0.jar;C:\Users\GOPAL NAMASIVAYAM\.m2\repository\com\google\code\findbugs\jsr305\1.3.9\jsr305-1.3.9.jar;C:\Users\GOPAL NAMASIVAYAM\.m2\repository\com\google\errorprone\error_prone_annotations\2.0.18\error_prone_annotations-2.0.18.jar;C:\Users\GOPAL NAMASIVAYAM\.m2\repository\com\google\j2objc\j2objc-annotations\1.1\j2objc-annotations-1.1.jar;C:\Users\GOPAL NAMASIVAYAM\.m2\repository\org\codehaus\mojo\animal-sniffer-annotations\1.14\animal-sniffer-annotations-1.14.jar;C:\Users\GOPAL NAMASIVAYAM\.m2\repository\org\hamcrest\hamcrest-core\1.3\hamcrest-core-1.3.jar;C:\Users\GOPAL NAMASIVAYAM\.m2\repository\net\sourceforge\htmlunit\htmlunit\2.27\htmlunit-2.27.jar;C:\Users\GOPAL NAMASIVAYAM\.m2\repository\net\sourceforge\htmlunit\htmlunit-core-js\2.27\htmlunit-core-js-2.27.jar;C:\Users\GOPAL NAMASIVAYAM\.m2\repository\net\sourceforge\htmlunit\neko-htmlunit\2.27\neko-htmlunit-2.27.jar;C:\Users\GOPAL NAMASIVAYAM\.m2\repository\org\apache\httpcomponents\httpclient\4.5.3\httpclient-4.5.3.jar;C:\Users\GOPAL NAMASIVAYAM\.m2\repository\org\apache\httpcomponents\httpcore\4.4.6\httpcore-4.4.6.jar;C:\Users\GOPAL NAMASIVAYAM\.m2\repository\org\apache\httpcomponents\httpmime\4.5.3\httpmime-4.5.3.jar;C:\Users\GOPAL NAMASIVAYAM\.m2\repository\org\eclipse\jetty\jetty-client\9.4.5.v20170502\jetty-client-9.4.5.v20170502.jar;C:\Users\GOPAL NAMASIVAYAM\.m2\repository\org\eclipse\jetty\jetty-http\9.4.5.v20170502\jetty-http-9.4.5.v20170502.jar;C:\Users\GOPAL NAMASIVAYAM\.m2\repository\org\eclipse\jetty\jetty-io\9.4.5.v20170502\jetty-io-9.4.5.v20170502.jar;C:\Users\GOPAL NAMASIVAYAM\.m2\repository\org\eclipse\jetty\jetty-util\9.4.5.v20170502\jetty-util-9.4.5.v20170502.jar;C:\Users\GOPAL NAMASIVAYAM\.m2\repository\net\java\dev\jna\jna\4.1.0\jna-4.1.0.jar;C:\Users\GOPAL NAMASIVAYAM\.m2\repository\net\java\dev\jna\jna-platform\4.1.0\jna-platform-4.1.0.jar;C:\Users\GOPAL NAMASIVAYAM\.m2\repository\junit\junit\4.12\junit-4.12.jar;C:\Users\GOPAL NAMASIVAYAM\.m2\repository\com\codeborne\phantomjsdriver\1.4.0\phantomjsdriver-1.4.0.jar;C:\Users\GOPAL NAMASIVAYAM\.m2\repository\org\seleniumhq\selenium\htmlunit-driver\2.27\htmlunit-driver-2.27.jar;C:\Users\GOPAL NAMASIVAYAM\.m2\repository\javax\servlet\javax.servlet-api\3.1.0\javax.servlet-api-3.1.0.jar;C:\Users\GOPAL NAMASIVAYAM\.m2\repository\org\eclipse\jetty\websocket\websocket-api\9.4.5.v20170502\websocket-api-9.4.5.v20170502.jar;C:\Users\GOPAL NAMASIVAYAM\.m2\repository\org\eclipse\jetty\websocket\websocket-client\9.4.5.v20170502\websocket-client-9.4.5.v20170502.jar;C:\Users\GOPAL NAMASIVAYAM\.m2\repository\org\eclipse\jetty\websocket\websocket-common\9.4.5.v20170502\websocket-common-9.4.5.v20170502.jar;C:\Users\GOPAL NAMASIVAYAM\.m2\repository\xalan\serializer\2.7.2\serializer-2.7.2.jar;C:\Users\GOPAL NAMASIVAYAM\.m2\repository\xalan\xalan\2.7.2\xalan-2.7.2.jar;C:\Users\GOPAL NAMASIVAYAM\.m2\repository\xerces\xercesImpl\2.11.0\xercesImpl-2.11.0.jar;C:\Users\GOPAL NAMASIVAYAM\.m2\repository\xml-apis\xml-apis\1.4.01\xml-apis-1.4.01.jar;C:\Users\GOPAL NAMASIVAYAM\.m2\repository\org\testng\testng\6.14.2\testng-6.14.2.jar;C:\Users\GOPAL NAMASIVAYAM\.m2\repository\com\beust\jcommander\1.72\jcommander-1.72.jar;C:\Users\GOPAL NAMASIVAYAM\.m2\repository\org\apache-extras\beanshell\bsh\2.0b6\bsh-2.0b6.jar;C:\Users\GOPAL NAMASIVAYAM\.m2\repository\commons-io\commons-io\2.6\commons-io-2.6.jar;C:\Users\GOPAL NAMASIVAYAM\.m2\repository\org\apache\poi\poi\4.1.1\poi-4.1.1.jar;C:\Users\GOPAL NAMASIVAYAM\.m2\repository\org\apache\commons\commons-collections4\4.4\commons-collections4-4.4.jar;C:\Users\GOPAL NAMASIVAYAM\.m2\repository\org\apache\commons\commons-math3\3.6.1\commons-math3-3.6.1.jar;C:\Users\GOPAL NAMASIVAYAM\.m2\repository\org\apache\poi\poi-ooxml\4.1.0\poi-ooxml-4.1.0.jar;C:\Users\GOPAL NAMASIVAYAM\.m2\repository\org\apache\poi\poi-ooxml-schemas\4.1.0\poi-ooxml-schemas-4.1.0.jar;C:\Users\GOPAL NAMASIVAYAM\.m2\repository\org\apache\commons\commons-compress\1.18\commons-compress-1.18.jar;C:\Users\GOPAL NAMASIVAYAM\.m2\repository\com\github\virtuald\curvesapi\1.06\curvesapi-1.06.jar;C:\Users\GOPAL NAMASIVAYAM\.m2\repository\org\apache\poi\poi-scratchpad\4.1.0\poi-scratchpad-4.1.0.jar;C:\Users\GOPAL NAMASIVAYAM\.m2\repository\org\apache\poi\openxml4j\1.0-beta\openxml4j-1.0-beta.jar;C:\Users\GOPAL NAMASIVAYAM\.m2\repository\dom4j\dom4j\1.6.1\dom4j-1.6.1.jar;C:\Users\GOPAL NAMASIVAYAM\.m2\repository\log4j\log4j\1.2.8\log4j-1.2.8.jar;C:\Users\GOPAL NAMASIVAYAM\.m2\repository\org\apache\xmlbeans\xmlbeans\3.1.0\xmlbeans-3.1.0.jar;C:\Users\GOPAL NAMASIVAYAM\.m2\repository\com\aventstack\extentreports\4.0.0\extentreports-4.0.0.jar;C:\Users\GOPAL NAMASIVAYAM\.m2\repository\org\freemarker\freemarker\2.3.23\freemarker-2.3.23.jar;C:\Users\GOPAL NAMASIVAYAM\.m2\repository\org\mongodb\mongodb-driver\3.3.0\mongodb-driver-3.3.0.jar;C:\Users\GOPAL NAMASIVAYAM\.m2\repository\org\mongodb\mongodb-driver-core\3.3.0\mongodb-driver-core-3.3.0.jar;C:\Users\GOPAL NAMASIVAYAM\.m2\repository\org\mongodb\bson\3.3.0\bson-3.3.0.jar;C:\Users\GOPAL NAMASIVAYAM\.m2\repository\org\apache\logging\log4j\log4j-api\2.13.3\log4j-api-2.13.3.jar;C:\Users\GOPAL NAMASIVAYAM\.m2\repository\org\apache\logging\log4j\log4j-core\2.13.3\log4j-core-2.13.3.jar;C:\Users\GOPAL NAMASIVAYAM\.m2\repository\com\relevantcodes\extentreports\2.41.2\extentreports-2.41.2.jar;C:\Users\GOPAL NAMASIVAYAM\.m2\repository\org\jsoup\jsoup\1.8.3\jsoup-1.8.3.jar;C:\Users\GOPAL NAMASIVAYAM\.m2\repository\org\xerial\sqlite-jdbc\3.8.11.1\sqlite-jdbc-3.8.11.1.jar;"/>
    <property name="java.vm.vendor" value="Oracle Corporation"/>
    <property name="sun.arch.data.model" value="64"/>
    <property name="user.variant" value=""/>
    <property name="java.vendor.url" value="https://openjdk.java.net/"/>
    <property name="user.timezone" value="Asia/Calcutta"/>
    <property name="java.vm.specification.version" value="11"/>
    <property name="os.name" value="Windows 7"/>
    <property name="sun.java.launcher" value="SUN_STANDARD"/>
    <property name="user.country" value="US"/>
    <property name="sun.boot.library.path" value="C:\Program Files\Java\jdk-11.0.8\bin"/>
    <property name="sun.java.command" value="C:\Users\GOPALN~1\AppData\Local\Temp\surefire14457816364506643446\surefirebooter12741240841220705357.jar C:\Users\GOPAL NAMASIVAYAM\AppData\Local\Temp\surefire14457816364506643446 2020-10-23T23-10-37_046-jvmRun1 surefire7024196159010418459tmp surefire_02691920888896198567tmp"/>
    <property name="jdk.debug" value="release"/>
    <property name="surefire.test.class.path" value="C:\Users\GOPAL NAMASIVAYAM\Desktop\ecli\freeCRM_maven\target\test-classes;C:\Users\GOPAL NAMASIVAYAM\Desktop\ecli\freeCRM_maven\target\classes;C:\Users\GOPAL NAMASIVAYAM\.m2\repository\org\seleniumhq\selenium\selenium-java\3.5.3\selenium-java-3.5.3.jar;C:\Users\GOPAL NAMASIVAYAM\.m2\repository\org\seleniumhq\selenium\selenium-api\3.5.3\selenium-api-3.5.3.jar;C:\Users\GOPAL NAMASIVAYAM\.m2\repository\org\seleniumhq\selenium\selenium-chrome-driver\3.5.3\selenium-chrome-driver-3.5.3.jar;C:\Users\GOPAL NAMASIVAYAM\.m2\repository\org\seleniumhq\selenium\selenium-edge-driver\3.5.3\selenium-edge-driver-3.5.3.jar;C:\Users\GOPAL NAMASIVAYAM\.m2\repository\org\seleniumhq\selenium\selenium-firefox-driver\3.5.3\selenium-firefox-driver-3.5.3.jar;C:\Users\GOPAL NAMASIVAYAM\.m2\repository\org\seleniumhq\selenium\selenium-ie-driver\3.5.3\selenium-ie-driver-3.5.3.jar;C:\Users\GOPAL NAMASIVAYAM\.m2\repository\org\seleniumhq\selenium\selenium-opera-driver\3.5.3\selenium-opera-driver-3.5.3.jar;C:\Users\GOPAL NAMASIVAYAM\.m2\repository\org\seleniumhq\selenium\selenium-remote-driver\3.5.3\selenium-remote-driver-3.5.3.jar;C:\Users\GOPAL NAMASIVAYAM\.m2\repository\org\seleniumhq\selenium\selenium-safari-driver\3.5.3\selenium-safari-driver-3.5.3.jar;C:\Users\GOPAL NAMASIVAYAM\.m2\repository\org\seleniumhq\selenium\selenium-support\3.5.3\selenium-support-3.5.3.jar;C:\Users\GOPAL NAMASIVAYAM\.m2\repository\cglib\cglib-nodep\3.2.4\cglib-nodep-3.2.4.jar;C:\Users\GOPAL NAMASIVAYAM\.m2\repository\org\apache\commons\commons-exec\1.3\commons-exec-1.3.jar;C:\Users\GOPAL NAMASIVAYAM\.m2\repository\org\apache\commons\commons-lang3\3.5\commons-lang3-3.5.jar;C:\Users\GOPAL NAMASIVAYAM\.m2\repository\commons-codec\commons-codec\1.10\commons-codec-1.10.jar;C:\Users\GOPAL NAMASIVAYAM\.m2\repository\commons-logging\commons-logging\1.2\commons-logging-1.2.jar;C:\Users\GOPAL NAMASIVAYAM\.m2\repository\org\w3c\css\sac\1.3\sac-1.3.jar;C:\Users\GOPAL NAMASIVAYAM\.m2\repository\net\sourceforge\cssparser\cssparser\0.9.23\cssparser-0.9.23.jar;C:\Users\GOPAL NAMASIVAYAM\.m2\repository\com\google\code\gson\gson\2.8.0\gson-2.8.0.jar;C:\Users\GOPAL NAMASIVAYAM\.m2\repository\com\google\guava\guava\23.0\guava-23.0.jar;C:\Users\GOPAL NAMASIVAYAM\.m2\repository\com\google\code\findbugs\jsr305\1.3.9\jsr305-1.3.9.jar;C:\Users\GOPAL NAMASIVAYAM\.m2\repository\com\google\errorprone\error_prone_annotations\2.0.18\error_prone_annotations-2.0.18.jar;C:\Users\GOPAL NAMASIVAYAM\.m2\repository\com\google\j2objc\j2objc-annotations\1.1\j2objc-annotations-1.1.jar;C:\Users\GOPAL NAMASIVAYAM\.m2\repository\org\codehaus\mojo\animal-sniffer-annotations\1.14\animal-sniffer-annotations-1.14.jar;C:\Users\GOPAL NAMASIVAYAM\.m2\repository\org\hamcrest\hamcrest-core\1.3\hamcrest-core-1.3.jar;C:\Users\GOPAL NAMASIVAYAM\.m2\repository\net\sourceforge\htmlunit\htmlunit\2.27\htmlunit-2.27.jar;C:\Users\GOPAL NAMASIVAYAM\.m2\repository\net\sourceforge\htmlunit\htmlunit-core-js\2.27\htmlunit-core-js-2.27.jar;C:\Users\GOPAL NAMASIVAYAM\.m2\repository\net\sourceforge\htmlunit\neko-htmlunit\2.27\neko-htmlunit-2.27.jar;C:\Users\GOPAL NAMASIVAYAM\.m2\repository\org\apache\httpcomponents\httpclient\4.5.3\httpclient-4.5.3.jar;C:\Users\GOPAL NAMASIVAYAM\.m2\repository\org\apache\httpcomponents\httpcore\4.4.6\httpcore-4.4.6.jar;C:\Users\GOPAL NAMASIVAYAM\.m2\repository\org\apache\httpcomponents\httpmime\4.5.3\httpmime-4.5.3.jar;C:\Users\GOPAL NAMASIVAYAM\.m2\repository\org\eclipse\jetty\jetty-client\9.4.5.v20170502\jetty-client-9.4.5.v20170502.jar;C:\Users\GOPAL NAMASIVAYAM\.m2\repository\org\eclipse\jetty\jetty-http\9.4.5.v20170502\jetty-http-9.4.5.v20170502.jar;C:\Users\GOPAL NAMASIVAYAM\.m2\repository\org\eclipse\jetty\jetty-io\9.4.5.v20170502\jetty-io-9.4.5.v20170502.jar;C:\Users\GOPAL NAMASIVAYAM\.m2\repository\org\eclipse\jetty\jetty-util\9.4.5.v20170502\jetty-util-9.4.5.v20170502.jar;C:\Users\GOPAL NAMASIVAYAM\.m2\repository\net\java\dev\jna\jna\4.1.0\jna-4.1.0.jar;C:\Users\GOPAL NAMASIVAYAM\.m2\repository\net\java\dev\jna\jna-platform\4.1.0\jna-platform-4.1.0.jar;C:\Users\GOPAL NAMASIVAYAM\.m2\repository\junit\junit\4.12\junit-4.12.jar;C:\Users\GOPAL NAMASIVAYAM\.m2\repository\com\codeborne\phantomjsdriver\1.4.0\phantomjsdriver-1.4.0.jar;C:\Users\GOPAL NAMASIVAYAM\.m2\repository\org\seleniumhq\selenium\htmlunit-driver\2.27\htmlunit-driver-2.27.jar;C:\Users\GOPAL NAMASIVAYAM\.m2\repository\javax\servlet\javax.servlet-api\3.1.0\javax.servlet-api-3.1.0.jar;C:\Users\GOPAL NAMASIVAYAM\.m2\repository\org\eclipse\jetty\websocket\websocket-api\9.4.5.v20170502\websocket-api-9.4.5.v20170502.jar;C:\Users\GOPAL NAMASIVAYAM\.m2\repository\org\eclipse\jetty\websocket\websocket-client\9.4.5.v20170502\websocket-client-9.4.5.v20170502.jar;C:\Users\GOPAL NAMASIVAYAM\.m2\repository\org\eclipse\jetty\websocket\websocket-common\9.4.5.v20170502\websocket-common-9.4.5.v20170502.jar;C:\Users\GOPAL NAMASIVAYAM\.m2\repository\xalan\serializer\2.7.2\serializer-2.7.2.jar;C:\Users\GOPAL NAMASIVAYAM\.m2\repository\xalan\xalan\2.7.2\xalan-2.7.2.jar;C:\Users\GOPAL NAMASIVAYAM\.m2\repository\xerces\xercesImpl\2.11.0\xercesImpl-2.11.0.jar;C:\Users\GOPAL NAMASIVAYAM\.m2\repository\xml-apis\xml-apis\1.4.01\xml-apis-1.4.01.jar;C:\Users\GOPAL NAMASIVAYAM\.m2\repository\org\testng\testng\6.14.2\testng-6.14.2.jar;C:\Users\GOPAL NAMASIVAYAM\.m2\repository\com\beust\jcommander\1.72\jcommander-1.72.jar;C:\Users\GOPAL NAMASIVAYAM\.m2\repository\org\apache-extras\beanshell\bsh\2.0b6\bsh-2.0b6.jar;C:\Users\GOPAL NAMASIVAYAM\.m2\repository\commons-io\commons-io\2.6\commons-io-2.6.jar;C:\Users\GOPAL NAMASIVAYAM\.m2\repository\org\apache\poi\poi\4.1.1\poi-4.1.1.jar;C:\Users\GOPAL NAMASIVAYAM\.m2\repository\org\apache\commons\commons-collections4\4.4\commons-collections4-4.4.jar;C:\Users\GOPAL NAMASIVAYAM\.m2\repository\org\apache\commons\commons-math3\3.6.1\commons-math3-3.6.1.jar;C:\Users\GOPAL NAMASIVAYAM\.m2\repository\org\apache\poi\poi-ooxml\4.1.0\poi-ooxml-4.1.0.jar;C:\Users\GOPAL NAMASIVAYAM\.m2\repository\org\apache\poi\poi-ooxml-schemas\4.1.0\poi-ooxml-schemas-4.1.0.jar;C:\Users\GOPAL NAMASIVAYAM\.m2\repository\org\apache\commons\commons-compress\1.18\commons-compress-1.18.jar;C:\Users\GOPAL NAMASIVAYAM\.m2\repository\com\github\virtuald\curvesapi\1.06\curvesapi-1.06.jar;C:\Users\GOPAL NAMASIVAYAM\.m2\repository\org\apache\poi\poi-scratchpad\4.1.0\poi-scratchpad-4.1.0.jar;C:\Users\GOPAL NAMASIVAYAM\.m2\repository\org\apache\poi\openxml4j\1.0-beta\openxml4j-1.0-beta.jar;C:\Users\GOPAL NAMASIVAYAM\.m2\repository\dom4j\dom4j\1.6.1\dom4j-1.6.1.jar;C:\Users\GOPAL NAMASIVAYAM\.m2\repository\log4j\log4j\1.2.8\log4j-1.2.8.jar;C:\Users\GOPAL NAMASIVAYAM\.m2\repository\org\apache\xmlbeans\xmlbeans\3.1.0\xmlbeans-3.1.0.jar;C:\Users\GOPAL NAMASIVAYAM\.m2\repository\com\aventstack\extentreports\4.0.0\extentreports-4.0.0.jar;C:\Users\GOPAL NAMASIVAYAM\.m2\repository\org\freemarker\freemarker\2.3.23\freemarker-2.3.23.jar;C:\Users\GOPAL NAMASIVAYAM\.m2\repository\org\mongodb\mongodb-driver\3.3.0\mongodb-driver-3.3.0.jar;C:\Users\GOPAL NAMASIVAYAM\.m2\repository\org\mongodb\mongodb-driver-core\3.3.0\mongodb-driver-core-3.3.0.jar;C:\Users\GOPAL NAMASIVAYAM\.m2\repository\org\mongodb\bson\3.3.0\bson-3.3.0.jar;C:\Users\GOPAL NAMASIVAYAM\.m2\repository\org\apache\logging\log4j\log4j-api\2.13.3\log4j-api-2.13.3.jar;C:\Users\GOPAL NAMASIVAYAM\.m2\repository\org\apache\logging\log4j\log4j-core\2.13.3\log4j-core-2.13.3.jar;C:\Users\GOPAL NAMASIVAYAM\.m2\repository\com\relevantcodes\extentreports\2.41.2\extentreports-2.41.2.jar;C:\Users\GOPAL NAMASIVAYAM\.m2\repository\org\jsoup\jsoup\1.8.3\jsoup-1.8.3.jar;C:\Users\GOPAL NAMASIVAYAM\.m2\repository\org\xerial\sqlite-jdbc\3.8.11.1\sqlite-jdbc-3.8.11.1.jar;"/>
    <property name="sun.cpu.endian" value="little"/>
    <property name="user.home" value="C:\Users\GOPAL NAMASIVAYAM"/>
    <property name="user.language" value="en"/>
    <property name="java.specification.vendor" value="Oracle Corporation"/>
    <property name="java.version.date" value="2020-07-14"/>
    <property name="java.home" value="C:\Program Files\Java\jdk-11.0.8"/>
    <property name="file.separator" value="\"/>
    <property name="basedir" value="C:\Users\GOPAL NAMASIVAYAM\Desktop\ecli\freeCRM_maven"/>
    <property name="java.vm.compressedOopsMode" value="32-bit"/>
    <property name="line.separator" value="&#10;"/>
    <property name="java.specification.name" value="Java Platform API Specification"/>
    <property name="java.vm.specification.vendor" value="Oracle Corporation"/>
    <property name="java.awt.graphicsenv" value="sun.awt.Win32GraphicsEnvironment"/>
    <property name="surefire.real.class.path" value="C:\Users\GOPALN~1\AppData\Local\Temp\surefire14457816364506643446\surefirebooter12741240841220705357.jar"/>
    <property name="user.script" value=""/>
    <property name="sun.management.compiler" value="HotSpot 64-Bit Tiered Compilers"/>
    <property name="java.runtime.version" value="11.0.8+10-LTS"/>
    <property name="user.name" value="GOPAL NAMASIVAYAM"/>
    <property name="path.separator" value=";"/>
    <property name="os.version" value="6.1"/>
    <property name="java.runtime.name" value="Java(TM) SE Runtime Environment"/>
    <property name="file.encoding" value="Cp1252"/>
    <property name="java.vm.name" value="Java HotSpot(TM) 64-Bit Server VM"/>
    <property name="java.vendor.version" value="18.9"/>
    <property name="localRepository" value="C:\Users\GOPAL NAMASIVAYAM\.m2\repository"/>
    <property name="java.vendor.url.bug" value="https://bugreport.java.com/bugreport/"/>
    <property name="java.io.tmpdir" value="C:\Users\GOPALN~1\AppData\Local\Temp\"/>
    <property name="java.version" value="11.0.8"/>
    <property name="user.dir" value="C:\Users\GOPAL NAMASIVAYAM\Desktop\ecli\freeCRM_maven"/>
    <property name="os.arch" value="amd64"/>
    <property name="java.vm.specification.name" value="Java Virtual Machine Specification"/>
    <property name="java.awt.printerjob" value="sun.awt.windows.WPrinterJob"/>
    <property name="sun.os.patch.level" value="Service Pack 1"/>
    <property name="java.library.path" value="C:\Program Files\Java\jdk-11.0.8\bin;C:\Windows\Sun\Java\bin;C:\Windows\system32;C:\Windows;C:\Users\GOPAL NAMASIVAYAM\.jenkins\tools\hudson.tasks.Maven_MavenInstallation\TestMaven/bin;C:\Program Files\Java\jdk-11.0.8\bin;C:\Program Files\apache-maven-3.6.3\bin;C:\Program Files\apache-maven-3.6.3\bin;C:\Program Files\Common Files\Oracle\Java\javapath;C:\Program Files (x86)\Common Files\Oracle\Java\javapath;C:\Windows\system32;C:\Windows;C:\Windows\System32\Wbem;C:\Windows\System32\WindowsPowerShell\v1.0\;C:\Program Files\Git\cmd;C:\Program Files\PuTTY\;."/>
    <property name="java.vendor" value="Oracle Corporation"/>
    <property name="java.vm.info" value="mixed mode"/>
    <property name="java.vm.version" value="11.0.8+10-LTS"/>
    <property name="sun.io.unicode.encoding" value="UnicodeLittle"/>
    <property name="java.class.version" value="55.0"/>
  </properties>
  <testcase name="imgExistsTest" classname="com.freecrm.qa.testcases.LoginPageTest" time="0.305"/>
  <testcase name="loginPageTitleTest" classname="com.freecrm.qa.testcases.LoginPageTest" time="0.062"/>
  <testcase name="loginTest" classname="com.freecrm.qa.testcases.LoginPageTest" time="11.12"/>
</testsuite>