<?xml version="1.0" encoding="UTF-8"?>
<!-- Generated by org.testng.reporters.JUnitReportReporter -->
<testsuite hostname="GOPALNAMASIVAYA" failures="0" tests="13" name="com.Hotel.qa.testcases.BookingConfirmationPageTest" time="42.797" errors="0" timestamp="2020-10-22T21:40:44 IST" skipped="12">
  <testcase classname="com.Hotel.qa.testcases.BookingConfirmationPageTest" name="validateOrderNoConfirmationPage" time="42.797"/>
  <system-out/>
  <testcase classname="com.Hotel.qa.testcases.BookingConfirmationPageTest" name="validateHotelRoomTypeBConfirmationPage">
    <skipped/>
  </testcase> <!-- validateHotelRoomTypeBConfirmationPage -->
  <system-out/>
  <testcase classname="com.Hotel.qa.testcases.BookingConfirmationPageTest" name="validateTotalPriceConfirmationPage">
    <skipped/>
  </testcase> <!-- validateTotalPriceConfirmationPage -->
  <system-out/>
  <testcase classname="com.Hotel.qa.testcases.BookingConfirmationPageTest" name="validatePricepernightConfirmationPage">
    <skipped/>
  </testcase> <!-- validatePricepernightConfirmationPage -->
  <system-out/>
  <testcase classname="com.Hotel.qa.testcases.BookingConfirmationPageTest" name="validateHotellocaiontinBConfirmationPage">
    <skipped/>
  </testcase> <!-- validateHotellocaiontinBConfirmationPage -->
  <system-out/>
  <testcase classname="com.Hotel.qa.testcases.BookingConfirmationPageTest" name="validateFinalPriceConfirmationPage">
    <skipped/>
  </testcase> <!-- validateFinalPriceConfirmationPage -->
  <system-out/>
  <testcase classname="com.Hotel.qa.testcases.BookingConfirmationPageTest" name="validatechkinDateBConfirmationPage">
    <skipped/>
  </testcase> <!-- validatechkinDateBConfirmationPage -->
  <system-out/>
  <testcase classname="com.Hotel.qa.testcases.BookingConfirmationPageTest" name="validatechkOutDateBConfirmationPage">
    <skipped/>
  </testcase> <!-- validatechkOutDateBConfirmationPage -->
  <system-out/>
  <testcase classname="com.Hotel.qa.testcases.BookingConfirmationPageTest" name="validateTotalRoomsConfirmationPage">
    <skipped/>
  </testcase> <!-- validateTotalRoomsConfirmationPage -->
  <system-out/>
  <testcase classname="com.Hotel.qa.testcases.BookingConfirmationPageTest" name="validateTotalAdultsConfirmationPage">
    <skipped/>
  </testcase> <!-- validateTotalAdultsConfirmationPage -->
  <system-out/>
  <testcase classname="com.Hotel.qa.testcases.BookingConfirmationPageTest" name="validateTotalChildrenConfirmationPage">
    <skipped/>
  </testcase> <!-- validateTotalChildrenConfirmationPage -->
  <system-out/>
  <testcase classname="com.Hotel.qa.testcases.BookingConfirmationPageTest" name="validateTotalDaysConfirmationPage">
    <skipped/>
  </testcase> <!-- validateTotalDaysConfirmationPage -->
  <system-out/>
  <testcase classname="com.Hotel.qa.testcases.BookingConfirmationPageTest" name="validateHotelNameinBConfirmationPage">
    <skipped/>
  </testcase> <!-- validateHotelNameinBConfirmationPage -->
  <system-out/>
</testsuite> <!-- com.Hotel.qa.testcases.BookingConfirmationPageTest -->
