<?xml version="1.0" encoding="UTF-8"?>
<!-- Generated by org.testng.reporters.JUnitReportReporter -->
<testsuite hostname="GOPALNAMASIVAYA" failures="0" tests="6" name="com.freecrm.qa.log4j.GoogleTest" time="48.949" errors="0" timestamp="2020-10-07T23:21:05 IST" skipped="0">
  <testcase classname="com.freecrm.qa.log4j.GoogleTest" name="getTitle" time="8.185"/>
  <system-out/>
  <testcase classname="com.freecrm.qa.log4j.GoogleTest" name="linkTest" time="7.343"/>
  <system-out/>
  <testcase classname="com.freecrm.qa.log4j.GoogleTest" name="getUrl" time="6.802"/>
  <system-out/>
  <testcase classname="com.freecrm.qa.log4j.GoogleTest" name="test1" time="7.904"/>
  <system-out/>
  <testcase classname="com.freecrm.qa.log4j.GoogleTest" name="test2" time="9.851"/>
  <system-out/>
  <testcase classname="com.freecrm.qa.log4j.GoogleTest" name="test3" time="8.864"/>
  <system-out/>
</testsuite> <!-- com.freecrm.qa.log4j.GoogleTest -->
