<?xml version="1.0" encoding="UTF-8"?>
<!-- Generated by org.testng.reporters.JUnitReportReporter -->
<testsuite hostname="GOPALNAMASIVAYA" failures="0" tests="8" name="com.Hotel.qa.testcases.BookHotelTest" time="45.911" errors="0" timestamp="2020-10-23T19:27:58 IST" skipped="6">
  <testcase classname="com.Hotel.qa.testcases.BookHotelTest" name="validateFinalprice" time="24.260"/>
  <system-out/>
  <testcase classname="com.Hotel.qa.testcases.BookHotelTest" name="validateTotalPrice" time="21.651"/>
  <system-out/>
  <testcase classname="com.Hotel.qa.testcases.BookHotelTest" name="validateRoomTypeInBookPage">
    <skipped/>
  </testcase> <!-- validateRoomTypeInBookPage -->
  <system-out/>
  <testcase classname="com.Hotel.qa.testcases.BookHotelTest" name="validdateGST">
    <skipped/>
  </testcase> <!-- validdateGST -->
  <system-out/>
  <testcase classname="com.Hotel.qa.testcases.BookHotelTest" name="validateRoomcountinBookpage">
    <skipped/>
  </testcase> <!-- validateRoomcountinBookpage -->
  <system-out/>
  <testcase classname="com.Hotel.qa.testcases.BookHotelTest" name="validateLocationInBookPage">
    <skipped/>
  </testcase> <!-- validateLocationInBookPage -->
  <system-out/>
  <testcase classname="com.Hotel.qa.testcases.BookHotelTest" name="validatePricePerNNight">
    <skipped/>
  </testcase> <!-- validatePricePerNNight -->
  <system-out/>
  <testcase classname="com.Hotel.qa.testcases.BookHotelTest" name="validateHotelName">
    <skipped/>
  </testcase> <!-- validateHotelName -->
  <system-out/>
</testsuite> <!-- com.Hotel.qa.testcases.BookHotelTest -->
