<?xml version="1.0" encoding="UTF-8"?>
<!-- Generated by org.testng.reporters.JUnitReportReporter -->
<testsuite hostname="GOPALNAMASIVAYA" failures="0" tests="3" name="com.freecrm.qa.testcases.ContactPageTest" time="108.144" errors="0" timestamp="2020-10-09T19:58:59 IST" skipped="0">
  <testcase classname="com.freecrm.qa.testcases.ContactPageTest" name="verifyConstactTextTest" time="42.005"/>
  <system-out/>
  <testcase classname="com.freecrm.qa.testcases.ContactPageTest" name="verifySelectAnotherContactChkBox" time="30.205"/>
  <system-out/>
  <testcase classname="com.freecrm.qa.testcases.ContactPageTest" name="verifySelectContactChkBox" time="35.934"/>
  <system-out/>
</testsuite> <!-- com.freecrm.qa.testcases.ContactPageTest -->
