<?xml version="1.0" encoding="UTF-8"?>
<!-- Generated by org.testng.reporters.JUnitReportReporter -->
<testsuite hostname="GOPALNAMASIVAYA" failures="0" tests="4" name="com.freecrm.qa.testcases.CreateNewContactPageTest" time="204.381" errors="0" timestamp="2020-10-07T15:00:11 IST" skipped="0">
  <testcase classname="com.freecrm.qa.testcases.CreateNewContactPageTest" name="validateConstactSave" time="45.289"/>
  <system-out/>
  <testcase classname="com.freecrm.qa.testcases.CreateNewContactPageTest" name="validateConstactSave" time="57.902"/>
  <system-out/>
  <testcase classname="com.freecrm.qa.testcases.CreateNewContactPageTest" name="validateConstactSave" time="53.218"/>
  <system-out/>
  <testcase classname="com.freecrm.qa.testcases.CreateNewContactPageTest" name="validateConstactSave" time="47.972"/>
  <system-out/>
</testsuite> <!-- com.freecrm.qa.testcases.CreateNewContactPageTest -->
