<?xml version="1.0" encoding="UTF-8"?>
<!-- Generated by org.testng.reporters.JUnitReportReporter -->
<testsuite hostname="GOPALNAMASIVAYA" failures="0" tests="4" name="com.Hotel.qa.testcases.HotelHomePageTest" time="29.766" errors="0" timestamp="2020-10-17T23:27:31 IST" skipped="3">
  <testcase classname="com.Hotel.qa.testcases.HotelHomePageTest" name="validateCheckOutdate" time="29.766"/>
  <system-out/>
  <testcase classname="com.Hotel.qa.testcases.HotelHomePageTest" name="validatePastCheckIndate">
    <skipped/>
  </testcase> <!-- validatePastCheckIndate -->
  <system-out/>
  <testcase classname="com.Hotel.qa.testcases.HotelHomePageTest" name="validdateHomeWelcomeText">
    <skipped/>
  </testcase> <!-- validdateHomeWelcomeText -->
  <system-out/>
  <testcase classname="com.Hotel.qa.testcases.HotelHomePageTest" name="validateCheckIndate">
    <skipped/>
  </testcase> <!-- validateCheckIndate -->
  <system-out/>
</testsuite> <!-- com.Hotel.qa.testcases.HotelHomePageTest -->
