<?xml version="1.0" encoding="UTF-8"?>
<!-- Generated by org.testng.reporters.JUnitReportReporter -->
<testsuite hostname="GOPALNAMASIVAYA" failures="0" tests="4" name="com.freecrm.qa.testcases.HomePageTest" time="143.220" errors="0" timestamp="2020-10-09T19:58:59 IST" skipped="0">
  <testcase classname="com.freecrm.qa.testcases.HomePageTest" name="homePageTitleTest" time="33.081"/>
  <system-out/>
  <testcase classname="com.freecrm.qa.testcases.HomePageTest" name="clickOnDealsTest" time="30.289"/>
  <system-out/>
  <testcase classname="com.freecrm.qa.testcases.HomePageTest" name="clickOnContactTest" time="43.976"/>
  <system-out/>
  <testcase classname="com.freecrm.qa.testcases.HomePageTest" name="verifyUserNameTest" time="35.874"/>
  <system-out/>
</testsuite> <!-- com.freecrm.qa.testcases.HomePageTest -->
