<?xml version="1.0" encoding="UTF-8"?>
<!-- Generated by org.testng.reporters.JUnitReportReporter -->
<testsuite hostname="GOPALNAMASIVAYA" failures="0" tests="11" name="com.Hotel.qa.testcases.SelectedHotelPageTest" time="21.955" errors="0" timestamp="2020-10-21T17:20:15 IST" skipped="10">
  <testcase classname="com.Hotel.qa.testcases.SelectedHotelPageTest" name="validateDaysDifferenceBwnCkinAndchkout" time="21.955"/>
  <system-out/>
  <testcase classname="com.Hotel.qa.testcases.SelectedHotelPageTest" name="validateGivenRoomNumber">
    <skipped/>
  </testcase> <!-- validateGivenRoomNumber -->
  <system-out/>
  <testcase classname="com.Hotel.qa.testcases.SelectedHotelPageTest" name="validateTotalPrice">
    <skipped/>
  </testcase> <!-- validateTotalPrice -->
  <system-out/>
  <testcase classname="com.Hotel.qa.testcases.SelectedHotelPageTest" name="validateGivenChkinDate">
    <skipped/>
  </testcase> <!-- validateGivenChkinDate -->
  <system-out/>
  <testcase classname="com.Hotel.qa.testcases.SelectedHotelPageTest" name="validaateWelcomeTextTest">
    <skipped/>
  </testcase> <!-- validaateWelcomeTextTest -->
  <system-out/>
  <testcase classname="com.Hotel.qa.testcases.SelectedHotelPageTest" name="validateLogout">
    <skipped/>
  </testcase> <!-- validateLogout -->
  <system-out/>
  <testcase classname="com.Hotel.qa.testcases.SelectedHotelPageTest" name="validateHOtelName">
    <skipped/>
  </testcase> <!-- validateHOtelName -->
  <system-out/>
  <testcase classname="com.Hotel.qa.testcases.SelectedHotelPageTest" name="validateGivenChkoutDate">
    <skipped/>
  </testcase> <!-- validateGivenChkoutDate -->
  <system-out/>
  <testcase classname="com.Hotel.qa.testcases.SelectedHotelPageTest" name="validateSerachAndHotelData">
    <skipped/>
  </testcase> <!-- validateSerachAndHotelData -->
  <system-out/>
  <testcase classname="com.Hotel.qa.testcases.SelectedHotelPageTest" name="validateSelecetdHotelName">
    <skipped/>
  </testcase> <!-- validateSelecetdHotelName -->
  <system-out/>
  <testcase classname="com.Hotel.qa.testcases.SelectedHotelPageTest" name="validateGivenRoomType">
    <skipped/>
  </testcase> <!-- validateGivenRoomType -->
  <system-out/>
</testsuite> <!-- com.Hotel.qa.testcases.SelectedHotelPageTest -->
