<?xml version="1.0" encoding="UTF-8"?>
<!-- Generated by org.testng.reporters.JUnitReportReporter -->
<testsuite hostname="GOPALNAMASIVAYA" failures="0" tests="3" name="com.freecrm.qa.testcases.LoginPageTest" time="77.488" errors="0" timestamp="2020-10-23T23:09:48 IST" skipped="0">
  <testcase classname="com.freecrm.qa.testcases.LoginPageTest" name="loginPageTitleTest" time="15.722"/>
  <system-out/>
  <testcase classname="com.freecrm.qa.testcases.LoginPageTest" name="imgExistsTest" time="21.330"/>
  <system-out/>
  <testcase classname="com.freecrm.qa.testcases.LoginPageTest" name="loginTest" time="40.436"/>
  <system-out/>
</testsuite> <!-- com.freecrm.qa.testcases.LoginPageTest -->
