<?xml version="1.0" encoding="UTF-8"?>
<!-- Generated by org.testng.reporters.JUnitReportReporter -->
<testsuite hostname="GOPALNAMASIVAYA" failures="0" tests="3" name="com.freecrm.qa.testcases.LoginPageTest" time="101.444" errors="0" timestamp="23 Oct 2020 17:42:26 GMT" skipped="0">
  <testcase classname="com.freecrm.qa.testcases.LoginPageTest" name="imgExistsTest" time="36.323"/>
  <testcase classname="com.freecrm.qa.testcases.LoginPageTest" name="loginTest" time="33.571"/>
  <testcase classname="com.freecrm.qa.testcases.LoginPageTest" name="loginPageTitleTest" time="31.550"/>
</testsuite> <!-- com.freecrm.qa.testcases.LoginPageTest -->
